# JRE version: OpenJDK Runtime Environment (7.0_101) (build 1.7.0_101-b00)
# Java VM: OpenJDK 64-Bit Server VM (24.95-b01 mixed mode linux-amd64 compressed oops)
Heap
 def new generation   total 14656K, used 814K [0x00000000c6800000, 0x00000000c77e0000, 0x00000000d6350000)
  eden space 13056K,   6% used [0x00000000c6800000, 0x00000000c68cb9e8, 0x00000000c74c0000)
  from space 1600K,   0% used [0x00000000c74c0000, 0x00000000c74c0000, 0x00000000c7650000)
  to   space 1600K,   0% used [0x00000000c7650000, 0x00000000c7650000, 0x00000000c77e0000)
 tenured generation   total 32192K, used 9240K [0x00000000d6350000, 0x00000000d82c0000, 0x00000000f5a00000)
   the space 32192K,  28% used [0x00000000d6350000, 0x00000000d6c560e0, 0x00000000d6c56200, 0x00000000d82c0000)
 compacting perm gen  total 30144K, used 29902K [0x00000000f5a00000, 0x00000000f7770000, 0x0000000100000000)
   the space 30144K,  99% used [0x00000000f5a00000, 0x00000000f77339a8, 0x00000000f7733a00, 0x00000000f7770000)
GC Heap History (10 events):
Event: 2.677 GC heap before
{Heap before GC invocations=4 (full 1):
 def new generation   total 14592K, used 14177K [0x00000000c6800000, 0x00000000c77d0000, 0x00000000d6350000)
  eden space 12992K, 100% used [0x00000000c6800000, 0x00000000c74b0000, 0x00000000c74b0000)
  from space 1600K,  74% used [0x00000000c7640000, 0x00000000c77687e8, 0x00000000c77d0000)
  to   space 1600K,   0% used [0x00000000c74b0000, 0x00000000c74b0000, 0x00000000c7640000)
 tenured generation   total 32192K, used 4986K [0x00000000d6350000, 0x00000000d82c0000, 0x00000000f5a00000)
   the space 32192K,  15% used [0x00000000d6350000, 0x00000000d682e840, 0x00000000d682ea00, 0x00000000d82c0000)
 compacting perm gen  total 26368K, used 26251K [0x00000000f5a00000, 0x00000000f73c0000, 0x0000000100000000)
   the space 26368K,  99% used [0x00000000f5a00000, 0x00000000f73a2c70, 0x00000000f73a2e00, 0x00000000f73c0000)
No shared spaces configured.
Event: 2.687 GC heap after
Heap after GC invocations=5 (full 1):
 def new generation   total 14592K, used 1599K [0x00000000c6800000, 0x00000000c77d0000, 0x00000000d6350000)
  eden space 12992K,   0% used [0x00000000c6800000, 0x00000000c6800000, 0x00000000c74b0000)
  from space 1600K,  99% used [0x00000000c74b0000, 0x00000000c763fff8, 0x00000000c7640000)
  to   space 1600K,   0% used [0x00000000c7640000, 0x00000000c7640000, 0x00000000c77d0000)
 tenured generation   total 32192K, used 5890K [0x00000000d6350000, 0x00000000d82c0000, 0x00000000f5a00000)
   the space 32192K,  18% used [0x00000000d6350000, 0x00000000d69108b0, 0x00000000d6910a00, 0x00000000d82c0000)
 compacting perm gen  total 26368K, used 26251K [0x00000000f5a00000, 0x00000000f73c0000, 0x0000000100000000)
   the space 26368K,  99% used [0x00000000f5a00000, 0x00000000f73a2c70, 0x00000000f73a2e00, 0x00000000f73c0000)
No shared spaces configured.
}
Event: 2.715 GC heap before
{Heap before GC invocations=5 (full 1):
 def new generation   total 14592K, used 3053K [0x00000000c6800000, 0x00000000c77d0000, 0x00000000d6350000)
  eden space 12992K,  11% used [0x00000000c6800000, 0x00000000c696b6c0, 0x00000000c74b0000)
  from space 1600K,  99% used [0x00000000c74b0000, 0x00000000c763fff8, 0x00000000c7640000)
  to   space 1600K,   0% used [0x00000000c7640000, 0x00000000c7640000, 0x00000000c77d0000)
 tenured generation   total 32192K, used 5890K [0x00000000d6350000, 0x00000000d82c0000, 0x00000000f5a00000)
   the space 32192K,  18% used [0x00000000d6350000, 0x00000000d69108b0, 0x00000000d6910a00, 0x00000000d82c0000)
 compacting perm gen  total 26688K, used 26687K [0x00000000f5a00000, 0x00000000f7410000, 0x0000000100000000)
   the space 26688K,  99% used [0x00000000f5a00000, 0x00000000f740ff70, 0x00000000f7410000, 0x00000000f7410000)
No shared spaces configured.
Event: 2.758 GC heap after
Heap after GC invocations=6 (full 2):
 def new generation   total 14592K, used 0K [0x00000000c6800000, 0x00000000c77d0000, 0x00000000d6350000)
  eden space 12992K,   0% used [0x00000000c6800000, 0x00000000c6800000, 0x00000000c74b0000)
  from space 1600K,   0% used [0x00000000c74b0000, 0x00000000c74b0000, 0x00000000c7640000)
  to   space 1600K,   0% used [0x00000000c7640000, 0x00000000c7640000, 0x00000000c77d0000)
 tenured generation   total 32192K, used 7097K [0x00000000d6350000, 0x00000000d82c0000, 0x00000000f5a00000)
   the space 32192K,  22% used [0x00000000d6350000, 0x00000000d6a3e590, 0x00000000d6a3e600, 0x00000000d82c0000)
 compacting perm gen  total 26688K, used 26687K [0x00000000f5a00000, 0x00000000f7410000, 0x0000000100000000)
   the space 26688K,  99% used [0x00000000f5a00000, 0x00000000f740ff70, 0x00000000f7410000, 0x00000000f7410000)
No shared spaces configured.
}
Event: 2.978 GC heap before
{Heap before GC invocations=6 (full 2):
 def new generation   total 14592K, used 6776K [0x00000000c6800000, 0x00000000c77d0000, 0x00000000d6350000)
  eden space 12992K,  52% used [0x00000000c6800000, 0x00000000c6e9e230, 0x00000000c74b0000)
  from space 1600K,   0% used [0x00000000c74b0000, 0x00000000c74b0000, 0x00000000c7640000)
  to   space 1600K,   0% used [0x00000000c7640000, 0x00000000c7640000, 0x00000000c77d0000)
 tenured generation   total 32192K, used 7097K [0x00000000d6350000, 0x00000000d82c0000, 0x00000000f5a00000)
   the space 32192K,  22% used [0x00000000d6350000, 0x00000000d6a3e590, 0x00000000d6a3e600, 0x00000000d82c0000)
 compacting perm gen  total 27968K, used 27832K [0x00000000f5a00000, 0x00000000f7550000, 0x0000000100000000)
   the space 27968K,  99% used [0x00000000f5a00000, 0x00000000f752e318, 0x00000000f752e400, 0x00000000f7550000)
No shared spaces configured.
Event: 3.025 GC heap after
Heap after GC invocations=7 (full 3):
 def new generation   total 14592K, used 0K [0x00000000c6800000, 0x00000000c77d0000, 0x00000000d6350000)
  eden space 12992K,   0% used [0x00000000c6800000, 0x00000000c6800000, 0x00000000c74b0000)
  from space 1600K,   0% used [0x00000000c74b0000, 0x00000000c74b0000, 0x00000000c7640000)
  to   space 1600K,   0% used [0x00000000c7640000, 0x00000000c7640000, 0x00000000c77d0000)
 tenured generation   total 32192K, used 7408K [0x00000000d6350000, 0x00000000d82c0000, 0x00000000f5a00000)
   the space 32192K,  23% used [0x00000000d6350000, 0x00000000d6a8c1c8, 0x00000000d6a8c200, 0x00000000d82c0000)
 compacting perm gen  total 27840K, used 27832K [0x00000000f5a00000, 0x00000000f7530000, 0x0000000100000000)
   the space 27840K,  99% used [0x00000000f5a00000, 0x00000000f752e318, 0x00000000f752e400, 0x00000000f7530000)
No shared spaces configured.
}
Event: 6.267 GC heap before
{Heap before GC invocations=7 (full 3):
 def new generation   total 14592K, used 12992K [0x00000000c6800000, 0x00000000c77d0000, 0x00000000d6350000)
  eden space 12992K, 100% used [0x00000000c6800000, 0x00000000c74b0000, 0x00000000c74b0000)
  from space 1600K,   0% used [0x00000000c74b0000, 0x00000000c74b0000, 0x00000000c7640000)
  to   space 1600K,   0% used [0x00000000c7640000, 0x00000000c7640000, 0x00000000c77d0000)
 tenured generation   total 32192K, used 7408K [0x00000000d6350000, 0x00000000d82c0000, 0x00000000f5a00000)
   the space 32192K,  23% used [0x00000000d6350000, 0x00000000d6a8c1c8, 0x00000000d6a8c200, 0x00000000d82c0000)
 compacting perm gen  total 29760K, used 29663K [0x00000000f5a00000, 0x00000000f7710000, 0x0000000100000000)
   the space 29760K,  99% used [0x00000000f5a00000, 0x00000000f76f7c20, 0x00000000f76f7e00, 0x00000000f7710000)
No shared spaces configured.
Event: 6.276 GC heap after
Heap after GC invocations=8 (full 3):
 def new generation   total 14592K, used 1600K [0x00000000c6800000, 0x00000000c77d0000, 0x00000000d6350000)
  eden space 12992K,   0% used [0x00000000c6800000, 0x00000000c6800000, 0x00000000c74b0000)
  from space 1600K, 100% used [0x00000000c7640000, 0x00000000c77d0000, 0x00000000c77d0000)
  to   space 1600K,   0% used [0x00000000c74b0000, 0x00000000c74b0000, 0x00000000c7640000)
 tenured generation   total 32192K, used 9180K [0x00000000d6350000, 0x00000000d82c0000, 0x00000000f5a00000)
   the space 32192K,  28% used [0x00000000d6350000, 0x00000000d6c47078, 0x00000000d6c47200, 0x00000000d82c0000)
 compacting perm gen  total 29760K, used 29663K [0x00000000f5a00000, 0x00000000f7710000, 0x0000000100000000)
   the space 29760K,  99% used [0x00000000f5a00000, 0x00000000f76f7c20, 0x00000000f76f7e00, 0x00000000f7710000)
No shared spaces configured.
}
Event: 6.332 GC heap before
{Heap before GC invocations=8 (full 3):
 def new generation   total 14592K, used 3305K [0x00000000c6800000, 0x00000000c77d0000, 0x00000000d6350000)
  eden space 12992K,  13% used [0x00000000c6800000, 0x00000000c69aa478, 0x00000000c74b0000)
  from space 1600K, 100% used [0x00000000c7640000, 0x00000000c77d0000, 0x00000000c77d0000)
  to   space 1600K,   0% used [0x00000000c74b0000, 0x00000000c74b0000, 0x00000000c7640000)
 tenured generation   total 32192K, used 9180K [0x00000000d6350000, 0x00000000d82c0000, 0x00000000f5a00000)
   the space 32192K,  28% used [0x00000000d6350000, 0x00000000d6c47078, 0x00000000d6c47200, 0x00000000d82c0000)
 compacting perm gen  total 30080K, used 29818K [0x00000000f5a00000, 0x00000000f7760000, 0x0000000100000000)
   the space 30080K,  99% used [0x00000000f5a00000, 0x00000000f771eaa8, 0x00000000f771ec00, 0x00000000f7760000)
No shared spaces configured.
Event: 6.391 GC heap after
Heap after GC invocations=9 (full 4):
 def new generation   total 14656K, used 0K [0x00000000c6800000, 0x00000000c77e0000, 0x00000000d6350000)
  eden space 13056K,   0% used [0x00000000c6800000, 0x00000000c6800000, 0x00000000c74c0000)
  from space 1600K,   0% used [0x00000000c74c0000, 0x00000000c74c0000, 0x00000000c7650000)
  to   space 1600K,   0% used [0x00000000c7650000, 0x00000000c7650000, 0x00000000c77e0000)
 tenured generation   total 32192K, used 9240K [0x00000000d6350000, 0x00000000d82c0000, 0x00000000f5a00000)
   the space 32192K,  28% used [0x00000000d6350000, 0x00000000d6c560e0, 0x00000000d6c56200, 0x00000000d82c0000)
 compacting perm gen  total 29824K, used 29810K [0x00000000f5a00000, 0x00000000f7720000, 0x0000000100000000)
   the space 29824K,  99% used [0x00000000f5a00000, 0x00000000f771c9b8, 0x00000000f771ca00, 0x00000000f7720000)
No shared spaces configured.
}

