# JRE version: OpenJDK Runtime Environment (7.0_101) (build 1.7.0_101-b00)
# Java VM: OpenJDK 64-Bit Server VM (24.95-b01 mixed mode linux-amd64 compressed oops)
Heap
 def new generation   total 14656K, used 1064K [0x00000000c6800000, 0x00000000c77e0000, 0x00000000d6350000)
  eden space 13056K,   8% used [0x00000000c6800000, 0x00000000c690a028, 0x00000000c74c0000)
  from space 1600K,   0% used [0x00000000c74c0000, 0x00000000c74c0000, 0x00000000c7650000)
  to   space 1600K,   0% used [0x00000000c7650000, 0x00000000c7650000, 0x00000000c77e0000)
 tenured generation   total 32192K, used 9346K [0x00000000d6350000, 0x00000000d82c0000, 0x00000000f5a00000)
   the space 32192K,  29% used [0x00000000d6350000, 0x00000000d6c70a40, 0x00000000d6c70c00, 0x00000000d82c0000)
 compacting perm gen  total 30144K, used 29913K [0x00000000f5a00000, 0x00000000f7770000, 0x0000000100000000)
   the space 30144K,  99% used [0x00000000f5a00000, 0x00000000f7736530, 0x00000000f7736600, 0x00000000f7770000)
GC Heap History (10 events):
Event: 2.774 GC heap before
{Heap before GC invocations=4 (full 1):
 def new generation   total 14592K, used 14156K [0x00000000c6800000, 0x00000000c77d0000, 0x00000000d6350000)
  eden space 12992K, 100% used [0x00000000c6800000, 0x00000000c74b0000, 0x00000000c74b0000)
  from space 1600K,  72% used [0x00000000c7640000, 0x00000000c77630f0, 0x00000000c77d0000)
  to   space 1600K,   0% used [0x00000000c74b0000, 0x00000000c74b0000, 0x00000000c7640000)
 tenured generation   total 32192K, used 4978K [0x00000000d6350000, 0x00000000d82c0000, 0x00000000f5a00000)
   the space 32192K,  15% used [0x00000000d6350000, 0x00000000d682c928, 0x00000000d682ca00, 0x00000000d82c0000)
 compacting perm gen  total 26368K, used 26251K [0x00000000f5a00000, 0x00000000f73c0000, 0x0000000100000000)
   the space 26368K,  99% used [0x00000000f5a00000, 0x00000000f73a2cc8, 0x00000000f73a2e00, 0x00000000f73c0000)
No shared spaces configured.
Event: 2.785 GC heap after
Heap after GC invocations=5 (full 1):
 def new generation   total 14592K, used 1599K [0x00000000c6800000, 0x00000000c77d0000, 0x00000000d6350000)
  eden space 12992K,   0% used [0x00000000c6800000, 0x00000000c6800000, 0x00000000c74b0000)
  from space 1600K,  99% used [0x00000000c74b0000, 0x00000000c763fff8, 0x00000000c7640000)
  to   space 1600K,   0% used [0x00000000c7640000, 0x00000000c7640000, 0x00000000c77d0000)
 tenured generation   total 32192K, used 5900K [0x00000000d6350000, 0x00000000d82c0000, 0x00000000f5a00000)
   the space 32192K,  18% used [0x00000000d6350000, 0x00000000d6913250, 0x00000000d6913400, 0x00000000d82c0000)
 compacting perm gen  total 26368K, used 26251K [0x00000000f5a00000, 0x00000000f73c0000, 0x0000000100000000)
   the space 26368K,  99% used [0x00000000f5a00000, 0x00000000f73a2cc8, 0x00000000f73a2e00, 0x00000000f73c0000)
No shared spaces configured.
}
Event: 2.805 GC heap before
{Heap before GC invocations=5 (full 1):
 def new generation   total 14592K, used 3001K [0x00000000c6800000, 0x00000000c77d0000, 0x00000000d6350000)
  eden space 12992K,  10% used [0x00000000c6800000, 0x00000000c695e700, 0x00000000c74b0000)
  from space 1600K,  99% used [0x00000000c74b0000, 0x00000000c763fff8, 0x00000000c7640000)
  to   space 1600K,   0% used [0x00000000c7640000, 0x00000000c7640000, 0x00000000c77d0000)
 tenured generation   total 32192K, used 5900K [0x00000000d6350000, 0x00000000d82c0000, 0x00000000f5a00000)
   the space 32192K,  18% used [0x00000000d6350000, 0x00000000d6913250, 0x00000000d6913400, 0x00000000d82c0000)
 compacting perm gen  total 26688K, used 26687K [0x00000000f5a00000, 0x00000000f7410000, 0x0000000100000000)
   the space 26688K,  99% used [0x00000000f5a00000, 0x00000000f740fe18, 0x00000000f7410000, 0x00000000f7410000)
No shared spaces configured.
Event: 2.854 GC heap after
Heap after GC invocations=6 (full 2):
 def new generation   total 14592K, used 0K [0x00000000c6800000, 0x00000000c77d0000, 0x00000000d6350000)
  eden space 12992K,   0% used [0x00000000c6800000, 0x00000000c6800000, 0x00000000c74b0000)
  from space 1600K,   0% used [0x00000000c74b0000, 0x00000000c74b0000, 0x00000000c7640000)
  to   space 1600K,   0% used [0x00000000c7640000, 0x00000000c7640000, 0x00000000c77d0000)
 tenured generation   total 32192K, used 7107K [0x00000000d6350000, 0x00000000d82c0000, 0x00000000f5a00000)
   the space 32192K,  22% used [0x00000000d6350000, 0x00000000d6a40e48, 0x00000000d6a41000, 0x00000000d82c0000)
 compacting perm gen  total 26688K, used 26687K [0x00000000f5a00000, 0x00000000f7410000, 0x0000000100000000)
   the space 26688K,  99% used [0x00000000f5a00000, 0x00000000f740fe18, 0x00000000f7410000, 0x00000000f7410000)
No shared spaces configured.
}
Event: 3.091 GC heap before
{Heap before GC invocations=6 (full 2):
 def new generation   total 14592K, used 6927K [0x00000000c6800000, 0x00000000c77d0000, 0x00000000d6350000)
  eden space 12992K,  53% used [0x00000000c6800000, 0x00000000c6ec3d00, 0x00000000c74b0000)
  from space 1600K,   0% used [0x00000000c74b0000, 0x00000000c74b0000, 0x00000000c7640000)
  to   space 1600K,   0% used [0x00000000c7640000, 0x00000000c7640000, 0x00000000c77d0000)
 tenured generation   total 32192K, used 7107K [0x00000000d6350000, 0x00000000d82c0000, 0x00000000f5a00000)
   the space 32192K,  22% used [0x00000000d6350000, 0x00000000d6a40e48, 0x00000000d6a41000, 0x00000000d82c0000)
 compacting perm gen  total 27968K, used 27880K [0x00000000f5a00000, 0x00000000f7550000, 0x0000000100000000)
   the space 27968K,  99% used [0x00000000f5a00000, 0x00000000f753a200, 0x00000000f753a200, 0x00000000f7550000)
No shared spaces configured.
Event: 3.138 GC heap after
Heap after GC invocations=7 (full 3):
 def new generation   total 14592K, used 0K [0x00000000c6800000, 0x00000000c77d0000, 0x00000000d6350000)
  eden space 12992K,   0% used [0x00000000c6800000, 0x00000000c6800000, 0x00000000c74b0000)
  from space 1600K,   0% used [0x00000000c74b0000, 0x00000000c74b0000, 0x00000000c7640000)
  to   space 1600K,   0% used [0x00000000c7640000, 0x00000000c7640000, 0x00000000c77d0000)
 tenured generation   total 32192K, used 7426K [0x00000000d6350000, 0x00000000d82c0000, 0x00000000f5a00000)
   the space 32192K,  23% used [0x00000000d6350000, 0x00000000d6a90820, 0x00000000d6a90a00, 0x00000000d82c0000)
 compacting perm gen  total 27968K, used 27880K [0x00000000f5a00000, 0x00000000f7550000, 0x0000000100000000)
   the space 27968K,  99% used [0x00000000f5a00000, 0x00000000f753a200, 0x00000000f753a200, 0x00000000f7550000)
No shared spaces configured.
}
Event: 5.058 GC heap before
{Heap before GC invocations=7 (full 3):
 def new generation   total 14592K, used 12992K [0x00000000c6800000, 0x00000000c77d0000, 0x00000000d6350000)
  eden space 12992K, 100% used [0x00000000c6800000, 0x00000000c74b0000, 0x00000000c74b0000)
  from space 1600K,   0% used [0x00000000c74b0000, 0x00000000c74b0000, 0x00000000c7640000)
  to   space 1600K,   0% used [0x00000000c7640000, 0x00000000c7640000, 0x00000000c77d0000)
 tenured generation   total 32192K, used 7426K [0x00000000d6350000, 0x00000000d82c0000, 0x00000000f5a00000)
   the space 32192K,  23% used [0x00000000d6350000, 0x00000000d6a90820, 0x00000000d6a90a00, 0x00000000d82c0000)
 compacting perm gen  total 29888K, used 29665K [0x00000000f5a00000, 0x00000000f7730000, 0x0000000100000000)
   the space 29888K,  99% used [0x00000000f5a00000, 0x00000000f76f8710, 0x00000000f76f8800, 0x00000000f7730000)
No shared spaces configured.
Event: 5.067 GC heap after
Heap after GC invocations=8 (full 3):
 def new generation   total 14592K, used 1599K [0x00000000c6800000, 0x00000000c77d0000, 0x00000000d6350000)
  eden space 12992K,   0% used [0x00000000c6800000, 0x00000000c6800000, 0x00000000c74b0000)
  from space 1600K,  99% used [0x00000000c7640000, 0x00000000c77cfff8, 0x00000000c77d0000)
  to   space 1600K,   0% used [0x00000000c74b0000, 0x00000000c74b0000, 0x00000000c7640000)
 tenured generation   total 32192K, used 9277K [0x00000000d6350000, 0x00000000d82c0000, 0x00000000f5a00000)
   the space 32192K,  28% used [0x00000000d6350000, 0x00000000d6c5f7b8, 0x00000000d6c5f800, 0x00000000d82c0000)
 compacting perm gen  total 29888K, used 29665K [0x00000000f5a00000, 0x00000000f7730000, 0x0000000100000000)
   the space 29888K,  99% used [0x00000000f5a00000, 0x00000000f76f8710, 0x00000000f76f8800, 0x00000000f7730000)
No shared spaces configured.
}
Event: 5.111 GC heap before
{Heap before GC invocations=8 (full 3):
 def new generation   total 14592K, used 2896K [0x00000000c6800000, 0x00000000c77d0000, 0x00000000d6350000)
  eden space 12992K,   9% used [0x00000000c6800000, 0x00000000c6944168, 0x00000000c74b0000)
  from space 1600K,  99% used [0x00000000c7640000, 0x00000000c77cfff8, 0x00000000c77d0000)
  to   space 1600K,   0% used [0x00000000c74b0000, 0x00000000c74b0000, 0x00000000c7640000)
 tenured generation   total 32192K, used 9277K [0x00000000d6350000, 0x00000000d82c0000, 0x00000000f5a00000)
   the space 32192K,  28% used [0x00000000d6350000, 0x00000000d6c5f7b8, 0x00000000d6c5f800, 0x00000000d82c0000)
 compacting perm gen  total 29888K, used 29810K [0x00000000f5a00000, 0x00000000f7730000, 0x0000000100000000)
   the space 29888K,  99% used [0x00000000f5a00000, 0x00000000f771ca30, 0x00000000f771cc00, 0x00000000f7730000)
No shared spaces configured.
Event: 5.181 GC heap after
Heap after GC invocations=9 (full 4):
 def new generation   total 14656K, used 0K [0x00000000c6800000, 0x00000000c77e0000, 0x00000000d6350000)
  eden space 13056K,   0% used [0x00000000c6800000, 0x00000000c6800000, 0x00000000c74c0000)
  from space 1600K,   0% used [0x00000000c74c0000, 0x00000000c74c0000, 0x00000000c7650000)
  to   space 1600K,   0% used [0x00000000c7650000, 0x00000000c7650000, 0x00000000c77e0000)
 tenured generation   total 32192K, used 9346K [0x00000000d6350000, 0x00000000d82c0000, 0x00000000f5a00000)
   the space 32192K,  29% used [0x00000000d6350000, 0x00000000d6c70a40, 0x00000000d6c70c00, 0x00000000d82c0000)
 compacting perm gen  total 29824K, used 29802K [0x00000000f5a00000, 0x00000000f7720000, 0x0000000100000000)
   the space 29824K,  99% used [0x00000000f5a00000, 0x00000000f771a960, 0x00000000f771aa00, 0x00000000f7720000)
No shared spaces configured.
}

