# JRE version: OpenJDK Runtime Environment (7.0_101) (build 1.7.0_101-b00)
# Java VM: OpenJDK 64-Bit Server VM (24.95-b01 mixed mode linux-amd64 compressed oops)
Heap
 def new generation   total 14656K, used 4949K [0x00000000c6800000, 0x00000000c77e0000, 0x00000000d6350000)
  eden space 13056K,  36% used [0x00000000c6800000, 0x00000000c6cabf20, 0x00000000c74c0000)
  from space 1600K,  10% used [0x00000000c74c0000, 0x00000000c74e97f8, 0x00000000c7650000)
  to   space 1600K,   0% used [0x00000000c7650000, 0x00000000c7650000, 0x00000000c77e0000)
 tenured generation   total 32192K, used 18078K [0x00000000d6350000, 0x00000000d82c0000, 0x00000000f5a00000)
   the space 32192K,  56% used [0x00000000d6350000, 0x00000000d74f7860, 0x00000000d74f7a00, 0x00000000d82c0000)
 compacting perm gen  total 32768K, used 32627K [0x00000000f5a00000, 0x00000000f7a00000, 0x0000000100000000)
   the space 32768K,  99% used [0x00000000f5a00000, 0x00000000f79dcf38, 0x00000000f79dd000, 0x00000000f7a00000)
GC Heap History (10 events):
Event: 30.326 GC heap before
{Heap before GC invocations=13 (full 4):
 def new generation   total 14656K, used 14656K [0x00000000c6800000, 0x00000000c77e0000, 0x00000000d6350000)
  eden space 13056K, 100% used [0x00000000c6800000, 0x00000000c74c0000, 0x00000000c74c0000)
  from space 1600K, 100% used [0x00000000c74c0000, 0x00000000c7650000, 0x00000000c7650000)
  to   space 1600K,   0% used [0x00000000c7650000, 0x00000000c7650000, 0x00000000c77e0000)
 tenured generation   total 32192K, used 15897K [0x00000000d6350000, 0x00000000d82c0000, 0x00000000f5a00000)
   the space 32192K,  49% used [0x00000000d6350000, 0x00000000d72d6698, 0x00000000d72d6800, 0x00000000d82c0000)
 compacting perm gen  total 30848K, used 30718K [0x00000000f5a00000, 0x00000000f7820000, 0x0000000100000000)
   the space 30848K,  99% used [0x00000000f5a00000, 0x00000000f77ffbb0, 0x00000000f77ffc00, 0x00000000f7820000)
No shared spaces configured.
Event: 30.404 GC heap after
Heap after GC invocations=14 (full 4):
 def new generation   total 14656K, used 1600K [0x00000000c6800000, 0x00000000c77e0000, 0x00000000d6350000)
  eden space 13056K,   0% used [0x00000000c6800000, 0x00000000c6800000, 0x00000000c74c0000)
  from space 1600K, 100% used [0x00000000c7650000, 0x00000000c77e0000, 0x00000000c77e0000)
  to   space 1600K,   0% used [0x00000000c74c0000, 0x00000000c74c0000, 0x00000000c7650000)
 tenured generation   total 32192K, used 22471K [0x00000000d6350000, 0x00000000d82c0000, 0x00000000f5a00000)
   the space 32192K,  69% used [0x00000000d6350000, 0x00000000d7941e80, 0x00000000d7942000, 0x00000000d82c0000)
 compacting perm gen  total 30848K, used 30718K [0x00000000f5a00000, 0x00000000f7820000, 0x0000000100000000)
   the space 30848K,  99% used [0x00000000f5a00000, 0x00000000f77ffbb0, 0x00000000f77ffc00, 0x00000000f7820000)
No shared spaces configured.
}
Event: 30.726 GC heap before
{Heap before GC invocations=14 (full 4):
 def new generation   total 14656K, used 14656K [0x00000000c6800000, 0x00000000c77e0000, 0x00000000d6350000)
  eden space 13056K, 100% used [0x00000000c6800000, 0x00000000c74c0000, 0x00000000c74c0000)
  from space 1600K, 100% used [0x00000000c7650000, 0x00000000c77e0000, 0x00000000c77e0000)
  to   space 1600K,   0% used [0x00000000c74c0000, 0x00000000c74c0000, 0x00000000c7650000)
 tenured generation   total 32192K, used 22471K [0x00000000d6350000, 0x00000000d82c0000, 0x00000000f5a00000)
   the space 32192K,  69% used [0x00000000d6350000, 0x00000000d7941e80, 0x00000000d7942000, 0x00000000d82c0000)
 compacting perm gen  total 30848K, used 30724K [0x00000000f5a00000, 0x00000000f7820000, 0x0000000100000000)
   the space 30848K,  99% used [0x00000000f5a00000, 0x00000000f7801348, 0x00000000f7801400, 0x00000000f7820000)
No shared spaces configured.
Event: 30.780 GC heap after
Heap after GC invocations=15 (full 4):
 def new generation   total 14656K, used 1600K [0x00000000c6800000, 0x00000000c77e0000, 0x00000000d6350000)
  eden space 13056K,   0% used [0x00000000c6800000, 0x00000000c6800000, 0x00000000c74c0000)
  from space 1600K, 100% used [0x00000000c74c0000, 0x00000000c7650000, 0x00000000c7650000)
  to   space 1600K,   0% used [0x00000000c7650000, 0x00000000c7650000, 0x00000000c77e0000)
 tenured generation   total 32192K, used 32082K [0x00000000d6350000, 0x00000000d82c0000, 0x00000000f5a00000)
   the space 32192K,  99% used [0x00000000d6350000, 0x00000000d82a4910, 0x00000000d82a4a00, 0x00000000d82c0000)
 compacting perm gen  total 30848K, used 30724K [0x00000000f5a00000, 0x00000000f7820000, 0x0000000100000000)
   the space 30848K,  99% used [0x00000000f5a00000, 0x00000000f7801348, 0x00000000f7801400, 0x00000000f7820000)
No shared spaces configured.
}
Event: 42.414 GC heap before
{Heap before GC invocations=15 (full 4):
 def new generation   total 14656K, used 14620K [0x00000000c6800000, 0x00000000c77e0000, 0x00000000d6350000)
  eden space 13056K,  99% used [0x00000000c6800000, 0x00000000c74b7118, 0x00000000c74c0000)
  from space 1600K, 100% used [0x00000000c74c0000, 0x00000000c7650000, 0x00000000c7650000)
  to   space 1600K,   0% used [0x00000000c7650000, 0x00000000c7650000, 0x00000000c77e0000)
 tenured generation   total 32192K, used 32082K [0x00000000d6350000, 0x00000000d82c0000, 0x00000000f5a00000)
   the space 32192K,  99% used [0x00000000d6350000, 0x00000000d82a4910, 0x00000000d82a4a00, 0x00000000d82c0000)
 compacting perm gen  total 32448K, used 32189K [0x00000000f5a00000, 0x00000000f79b0000, 0x0000000100000000)
   the space 32448K,  99% used [0x00000000f5a00000, 0x00000000f796f450, 0x00000000f796f600, 0x00000000f79b0000)
No shared spaces configured.
Event: 42.546 GC heap after
Heap after GC invocations=16 (full 5):
 def new generation   total 14656K, used 0K [0x00000000c6800000, 0x00000000c77e0000, 0x00000000d6350000)
  eden space 13056K,   0% used [0x00000000c6800000, 0x00000000c6800000, 0x00000000c74c0000)
  from space 1600K,   0% used [0x00000000c7650000, 0x00000000c7650000, 0x00000000c77e0000)
  to   space 1600K,   0% used [0x00000000c74c0000, 0x00000000c74c0000, 0x00000000c7650000)
 tenured generation   total 32192K, used 15045K [0x00000000d6350000, 0x00000000d82c0000, 0x00000000f5a00000)
   the space 32192K,  46% used [0x00000000d6350000, 0x00000000d7201768, 0x00000000d7201800, 0x00000000d82c0000)
 compacting perm gen  total 32448K, used 32189K [0x00000000f5a00000, 0x00000000f79b0000, 0x0000000100000000)
   the space 32448K,  99% used [0x00000000f5a00000, 0x00000000f796f450, 0x00000000f796f600, 0x00000000f79b0000)
No shared spaces configured.
}
Event: 42.971 GC heap before
{Heap before GC invocations=16 (full 5):
 def new generation   total 14656K, used 5100K [0x00000000c6800000, 0x00000000c77e0000, 0x00000000d6350000)
  eden space 13056K,  39% used [0x00000000c6800000, 0x00000000c6cfb3d0, 0x00000000c74c0000)
  from space 1600K,   0% used [0x00000000c7650000, 0x00000000c7650000, 0x00000000c77e0000)
  to   space 1600K,   0% used [0x00000000c74c0000, 0x00000000c74c0000, 0x00000000c7650000)
 tenured generation   total 32192K, used 15045K [0x00000000d6350000, 0x00000000d82c0000, 0x00000000f5a00000)
   the space 32192K,  46% used [0x00000000d6350000, 0x00000000d7201768, 0x00000000d7201800, 0x00000000d82c0000)
 compacting perm gen  total 32768K, used 32538K [0x00000000f5a00000, 0x00000000f7a00000, 0x0000000100000000)
   the space 32768K,  99% used [0x00000000f5a00000, 0x00000000f79c6a28, 0x00000000f79c6c00, 0x00000000f7a00000)
No shared spaces configured.
Event: 43.153 GC heap after
Heap after GC invocations=17 (full 6):
 def new generation   total 14656K, used 0K [0x00000000c6800000, 0x00000000c77e0000, 0x00000000d6350000)
  eden space 13056K,   0% used [0x00000000c6800000, 0x00000000c6800000, 0x00000000c74c0000)
  from space 1600K,   0% used [0x00000000c7650000, 0x00000000c7650000, 0x00000000c77e0000)
  to   space 1600K,   0% used [0x00000000c74c0000, 0x00000000c74c0000, 0x00000000c7650000)
 tenured generation   total 32192K, used 14364K [0x00000000d6350000, 0x00000000d82c0000, 0x00000000f5a00000)
   the space 32192K,  44% used [0x00000000d6350000, 0x00000000d71572c8, 0x00000000d7157400, 0x00000000d82c0000)
 compacting perm gen  total 32768K, used 32538K [0x00000000f5a00000, 0x00000000f7a00000, 0x0000000100000000)
   the space 32768K,  99% used [0x00000000f5a00000, 0x00000000f79c6a28, 0x00000000f79c6c00, 0x00000000f7a00000)
No shared spaces configured.
}
Event: 43.356 GC heap before
{Heap before GC invocations=17 (full 6):
 def new generation   total 14656K, used 13056K [0x00000000c6800000, 0x00000000c77e0000, 0x00000000d6350000)
  eden space 13056K, 100% used [0x00000000c6800000, 0x00000000c74c0000, 0x00000000c74c0000)
  from space 1600K,   0% used [0x00000000c7650000, 0x00000000c7650000, 0x00000000c77e0000)
  to   space 1600K,   0% used [0x00000000c74c0000, 0x00000000c74c0000, 0x00000000c7650000)
 tenured generation   total 32192K, used 14364K [0x00000000d6350000, 0x00000000d82c0000, 0x00000000f5a00000)
   the space 32192K,  44% used [0x00000000d6350000, 0x00000000d71572c8, 0x00000000d7157400, 0x00000000d82c0000)
 compacting perm gen  total 32768K, used 32624K [0x00000000f5a00000, 0x00000000f7a00000, 0x0000000100000000)
   the space 32768K,  99% used [0x00000000f5a00000, 0x00000000f79dc1f8, 0x00000000f79dc200, 0x00000000f7a00000)
No shared spaces configured.
Event: 43.364 GC heap after
Heap after GC invocations=18 (full 6):
 def new generation   total 14656K, used 165K [0x00000000c6800000, 0x00000000c77e0000, 0x00000000d6350000)
  eden space 13056K,   0% used [0x00000000c6800000, 0x00000000c6800000, 0x00000000c74c0000)
  from space 1600K,  10% used [0x00000000c74c0000, 0x00000000c74e97f8, 0x00000000c7650000)
  to   space 1600K,   0% used [0x00000000c7650000, 0x00000000c7650000, 0x00000000c77e0000)
 tenured generation   total 32192K, used 18078K [0x00000000d6350000, 0x00000000d82c0000, 0x00000000f5a00000)
   the space 32192K,  56% used [0x00000000d6350000, 0x00000000d74f7860, 0x00000000d74f7a00, 0x00000000d82c0000)
 compacting perm gen  total 32768K, used 32624K [0x00000000f5a00000, 0x00000000f7a00000, 0x0000000100000000)
   the space 32768K,  99% used [0x00000000f5a00000, 0x00000000f79dc1f8, 0x00000000f79dc200, 0x00000000f7a00000)
No shared spaces configured.
}

